mode: atomic
C:\Users\pswid\go\src\github.com\pauluswi\bigben\controller\ewallet_controller.go:24.85,28.2 1 1
C:\Users\pswid\go\src\github.com\pauluswi\bigben\controller\ewallet_controller.go:30.60,37.2 6 1
C:\Users\pswid\go\src\github.com\pauluswi\bigben\controller\ewallet_controller.go:39.69,44.16 3 1
C:\Users\pswid\go\src\github.com\pauluswi\bigben\controller\ewallet_controller.go:48.2,50.16 3 1
C:\Users\pswid\go\src\github.com\pauluswi\bigben\controller\ewallet_controller.go:54.2,59.4 1 1
C:\Users\pswid\go\src\github.com\pauluswi\bigben\controller\ewallet_controller.go:44.16,46.3 1 0
C:\Users\pswid\go\src\github.com\pauluswi\bigben\controller\ewallet_controller.go:50.16,52.3 1 0
C:\Users\pswid\go\src\github.com\pauluswi\bigben\controller\ewallet_controller.go:62.74,67.16 3 1
C:\Users\pswid\go\src\github.com\pauluswi\bigben\controller\ewallet_controller.go:71.2,73.16 3 1
C:\Users\pswid\go\src\github.com\pauluswi\bigben\controller\ewallet_controller.go:77.2,82.4 1 1
C:\Users\pswid\go\src\github.com\pauluswi\bigben\controller\ewallet_controller.go:67.16,69.3 1 0
C:\Users\pswid\go\src\github.com\pauluswi\bigben\controller\ewallet_controller.go:73.16,75.3 1 0
C:\Users\pswid\go\src\github.com\pauluswi\bigben\controller\ewallet_controller.go:85.67,88.16 3 1
C:\Users\pswid\go\src\github.com\pauluswi\bigben\controller\ewallet_controller.go:92.2,94.16 3 1
C:\Users\pswid\go\src\github.com\pauluswi\bigben\controller\ewallet_controller.go:97.2,101.4 1 1
C:\Users\pswid\go\src\github.com\pauluswi\bigben\controller\ewallet_controller.go:88.16,90.3 1 0
C:\Users\pswid\go\src\github.com\pauluswi\bigben\controller\ewallet_controller.go:94.16,96.3 1 0
C:\Users\pswid\go\src\github.com\pauluswi\bigben\controller\ewallet_controller.go:104.66,107.16 3 1
C:\Users\pswid\go\src\github.com\pauluswi\bigben\controller\ewallet_controller.go:111.2,113.16 3 1
C:\Users\pswid\go\src\github.com\pauluswi\bigben\controller\ewallet_controller.go:116.2,120.4 1 1
C:\Users\pswid\go\src\github.com\pauluswi\bigben\controller\ewallet_controller.go:107.16,109.3 1 0
C:\Users\pswid\go\src\github.com\pauluswi\bigben\controller\ewallet_controller.go:113.16,115.3 1 0
C:\Users\pswid\go\src\github.com\pauluswi\bigben\controller\ewallet_controller.go:123.69,126.16 3 1
C:\Users\pswid\go\src\github.com\pauluswi\bigben\controller\ewallet_controller.go:130.2,132.16 3 1
C:\Users\pswid\go\src\github.com\pauluswi\bigben\controller\ewallet_controller.go:135.2,139.4 1 1
C:\Users\pswid\go\src\github.com\pauluswi\bigben\controller\ewallet_controller.go:126.16,128.3 1 0
C:\Users\pswid\go\src\github.com\pauluswi\bigben\controller\ewallet_controller.go:132.16,134.3 1 0
C:\Users\pswid\go\src\github.com\pauluswi\bigben\controller\ewallet_controller.go:142.70,144.2 1 1
